Step: build-step-credential-initializer:

Step: build-step-git-source:

Step: build-step-jenkins:

Picked up _JAVA_OPTIONS: -Xmx400m
Started
Running in Durability level: PERFORMANCE_OPTIMIZED
  13.483 [id=33]	WARNING	i.f.k.c.i.VersionUsageUtils#alert: The client is using resource type 'customresourcedefinitions' with unstable version 'v1beta1'
  18.956 [id=51]	WARNING	o.j.plugins.workflow.cps.DSL#invokeStep: Error storing the arguments for step: checkout
org.kohsuke.stapler.NoStaplerConstructorException: There's no @DataBoundConstructor on any constructor of class io.jenkins.jenkinsfile.runner.FileSystemSCM
	at org.kohsuke.stapler.ClassDescriptor.loadConstructorParamNames(ClassDescriptor.java:265)
	at org.jenkinsci.plugins.structs.describable.DescribableModel.<init>(DescribableModel.java:144)
	at org.jenkinsci.plugins.structs.describable.DescribableModel.of(DescribableModel.java:114)
	at org.jenkinsci.plugins.workflow.cps.actions.ArgumentsActionImpl.sanitizeObjectAndRecordMutation(ArgumentsActionImpl.java:294)
	at org.jenkinsci.plugins.workflow.cps.actions.ArgumentsActionImpl.sanitizeMapAndRecordMutation(ArgumentsActionImpl.java:386)
	at org.jenkinsci.plugins.workflow.cps.actions.ArgumentsActionImpl.<init>(ArgumentsActionImpl.java:74)
	at org.jenkinsci.plugins.workflow.cps.DSL.invokeStep(DSL.java:245)
	at org.jenkinsci.plugins.workflow.cps.DSL.invokeMethod(DSL.java:178)
	at org.jenkinsci.plugins.workflow.cps.CpsScript.invokeMethod(CpsScript.java:122)
	at org.codehaus.groovy.runtime.callsite.PogoMetaClassSite.call(PogoMetaClassSite.java:48)
	at org.codehaus.groovy.runtime.callsite.CallSiteArray.defaultCall(CallSiteArray.java:48)
	at org.codehaus.groovy.runtime.callsite.AbstractCallSite.call(AbstractCallSite.java:113)
	at com.cloudbees.groovy.cps.sandbox.DefaultInvoker.methodCall(DefaultInvoker.java:20)
	at com.cloudbees.groovy.cps.impl.ContinuationGroup.methodCall(ContinuationGroup.java:57)
	at com.cloudbees.groovy.cps.impl.FunctionCallBlock$ContinuationImpl.dispatchOrArg(FunctionCallBlock.java:109)
	at com.cloudbees.groovy.cps.impl.FunctionCallBlock$ContinuationImpl.fixArg(FunctionCallBlock.java:82)
	at sun.reflect.GeneratedMethodAccessor127.invoke(Unknown Source)
	at sun.reflect.DelegatingMethodAccessorImpl.invoke(DelegatingMethodAccessorImpl.java:43)
	at java.lang.reflect.Method.invoke(Method.java:498)
	at com.cloudbees.groovy.cps.impl.ContinuationPtr$ContinuationImpl.receive(ContinuationPtr.java:72)
	at com.cloudbees.groovy.cps.impl.PropertyishBlock$ContinuationImpl.get(PropertyishBlock.java:76)
	at com.cloudbees.groovy.cps.LValueBlock$GetAdapter.receive(LValueBlock.java:30)
	at com.cloudbees.groovy.cps.impl.PropertyishBlock$ContinuationImpl.fixName(PropertyishBlock.java:66)
	at sun.reflect.GeneratedMethodAccessor132.invoke(Unknown Source)
	at sun.reflect.DelegatingMethodAccessorImpl.invoke(DelegatingMethodAccessorImpl.java:43)
	at java.lang.reflect.Method.invoke(Method.java:498)
	at com.cloudbees.groovy.cps.impl.ContinuationPtr$ContinuationImpl.receive(ContinuationPtr.java:72)
	at com.cloudbees.groovy.cps.impl.ConstantBlock.eval(ConstantBlock.java:21)
	at com.cloudbees.groovy.cps.Next.step(Next.java:83)
	at com.cloudbees.groovy.cps.Continuable$1.call(Continuable.java:174)
	at com.cloudbees.groovy.cps.Continuable$1.call(Continuable.java:163)
	at org.codehaus.groovy.runtime.GroovyCategorySupport$ThreadCategoryInfo.use(GroovyCategorySupport.java:129)
	at org.codehaus.groovy.runtime.GroovyCategorySupport.use(GroovyCategorySupport.java:268)
	at com.cloudbees.groovy.cps.Continuable.run0(Continuable.java:163)
	at org.jenkinsci.plugins.workflow.cps.SandboxContinuable.access$101(SandboxContinuable.java:34)
	at org.jenkinsci.plugins.workflow.cps.SandboxContinuable.lambda$run0$0(SandboxContinuable.java:59)
	at org.jenkinsci.plugins.scriptsecurity.sandbox.groovy.GroovySandbox.runInSandbox(GroovySandbox.java:108)
	at org.jenkinsci.plugins.workflow.cps.SandboxContinuable.run0(SandboxContinuable.java:58)
	at org.jenkinsci.plugins.workflow.cps.CpsThread.runNextChunk(CpsThread.java:182)
	at org.jenkinsci.plugins.workflow.cps.CpsThreadGroup.run(CpsThreadGroup.java:332)
	at org.jenkinsci.plugins.workflow.cps.CpsThreadGroup.access$200(CpsThreadGroup.java:83)
	at org.jenkinsci.plugins.workflow.cps.CpsThreadGroup$2.call(CpsThreadGroup.java:244)
	at org.jenkinsci.plugins.workflow.cps.CpsThreadGroup$2.call(CpsThreadGroup.java:232)
	at org.jenkinsci.plugins.workflow.cps.CpsVmExecutorService$2.call(CpsVmExecutorService.java:64)
	at java.util.concurrent.FutureTask.run(FutureTask.java:266)
	at hudson.remoting.SingleLaneExecutorService$1.run(SingleLaneExecutorService.java:131)
	at jenkins.util.ContextResettingExecutorService$1.run(ContextResettingExecutorService.java:28)
	at jenkins.security.ImpersonatingExecutorService$1.run(ImpersonatingExecutorService.java:59)
	at java.util.concurrent.Executors$RunnableAdapter.call(Executors.java:511)
	at java.util.concurrent.FutureTask.run(FutureTask.java:266)
	at java.util.concurrent.ThreadPoolExecutor.runWorker(ThreadPoolExecutor.java:1149)
	at java.util.concurrent.ThreadPoolExecutor$Worker.run(ThreadPoolExecutor.java:624)
	at java.lang.Thread.run(Thread.java:748)
[Pipeline] node
Running on Jenkins in /tmp/jenkinsTests.tmp/jenkins8358447554212930492test/workspace/job
[Pipeline] {
[Pipeline] stage
[Pipeline] { (Declarative: Checkout SCM)
[Pipeline] checkout
[Pipeline] }
[Pipeline] // stage
[Pipeline] withCredentials
[Pipeline] {
[Pipeline] withEnv
[Pipeline] {
[Pipeline] stage
[Pipeline] { (CI Build and push snapshot)
[Pipeline] withEnv
[Pipeline] {
[Pipeline] sh
+ git config --global credential.helper store
[Pipeline] sh
+ jx step validate --min-jx-version 1.1.73
[Pipeline] sh
+ jx step git credentials
Generated Git credentials file /home/jenkins/git/credentials
[Pipeline] sh
+ jx step pre extend
Adding jx.spotbugsMaven version 0.0.33 to pipeline
       └ jx.spotbugsAnalyzer version 0.0.33
       └ jx.spotbugsMavenRun version 0.0.33 with environment variables [ JX_SPOTBUGS_MAVEN_RUN_VERSION=3.1.6, EXT_VERSION=0.0.33, EXT_TEAM_NAMESPACE=jx, EXT_OWNER_REFERENCE=apiVersion: v1
controller: true
kind: Extension
name: jx.spotbugs-maven-run
uid: eec6f165-e359-11e8-9b1c-42010a840075
 ]
       └ jx.spotbugsMavenPublish version 0.0.33 with environment variables [ JX_SPOTBUGS_MAVEN_PUBLISH_PROVIDER=github, EXT_VERSION=0.0.33, EXT_TEAM_NAMESPACE=jx, EXT_OWNER_REFERENCE=apiVersion: v1
controller: true
kind: Extension
name: jx.spotbugs-maven-publish
uid: ef00c4a1-e359-11e8-9b1c-42010a840075
 ]
[Pipeline] sh
+ mvn versions:set -DnewVersion=0.0.0-SNAPSHOT-PR-13-24
Picked up _JAVA_OPTIONS: -Xmx400m
[INFO] Scanning for projects...
[INFO] 
[INFO] ------------------< com.cloudbees.compliance:jx-demo >------------------
[INFO] Building demo 0.0.1-SNAPSHOT
[INFO] --------------------------------[ jar ]---------------------------------
[INFO] 
[INFO] --- versions-maven-plugin:2.7:set (default-cli) @ jx-demo ---
[INFO] Searching for local aggregator root...
[INFO] Local aggregation root: /tmp/jenkinsTests.tmp/jenkins8358447554212930492test/workspace/job
[INFO] Processing change of com.cloudbees.compliance:jx-demo:0.0.1-SNAPSHOT -> 0.0.0-SNAPSHOT-PR-13-24
[INFO] Processing com.cloudbees.compliance:jx-demo
[INFO]     Updating project com.cloudbees.compliance:jx-demo
[INFO]         from version 0.0.1-SNAPSHOT to 0.0.0-SNAPSHOT-PR-13-24
[INFO] 
[INFO] ------------------------------------------------------------------------
[INFO] BUILD SUCCESS
[INFO] ------------------------------------------------------------------------
[INFO] Total time: 6.670 s
[INFO] Finished at: 2018-12-13T08:35:59Z
[INFO] ------------------------------------------------------------------------
[Pipeline] sh
+ mvn install
Picked up _JAVA_OPTIONS: -Xmx400m
[INFO] Scanning for projects...
[INFO] 
[INFO] ------------------< com.cloudbees.compliance:jx-demo >------------------
[INFO] Building demo 0.0.0-SNAPSHOT-PR-13-24
[INFO] --------------------------------[ jar ]---------------------------------
[INFO] 
[INFO] --- maven-resources-plugin:3.1.0:resources (default-resources) @ jx-demo ---
[INFO] Using 'UTF-8' encoding to copy filtered resources.
[INFO] Copying 1 resource
[INFO] Copying 0 resource
[INFO] 
[INFO] --- maven-compiler-plugin:3.8.0:compile (default-compile) @ jx-demo ---
[INFO] Changes detected - recompiling the module!
[INFO] Compiling 1 source file to /tmp/jenkinsTests.tmp/jenkins8358447554212930492test/workspace/job/target/classes
[INFO] 
[INFO] --- maven-resources-plugin:3.1.0:testResources (default-testResources) @ jx-demo ---
[INFO] Using 'UTF-8' encoding to copy filtered resources.
[INFO] skip non existing resourceDirectory /tmp/jenkinsTests.tmp/jenkins8358447554212930492test/workspace/job/src/test/resources
[INFO] 
[INFO] --- maven-compiler-plugin:3.8.0:testCompile (default-testCompile) @ jx-demo ---
[INFO] Changes detected - recompiling the module!
[INFO] Compiling 1 source file to /tmp/jenkinsTests.tmp/jenkins8358447554212930492test/workspace/job/target/test-classes
[INFO] 
[INFO] --- maven-surefire-plugin:3.0.0-M1:test (default-test) @ jx-demo ---
[INFO] 
[INFO] -------------------------------------------------------
[INFO]  T E S T S
[INFO] -------------------------------------------------------
[INFO] Running com.cloudbees.compliance.demo.DemoApplicationTests
08:36:07.814 [main] DEBUG org.springframework.test.context.junit4.SpringJUnit4ClassRunner - SpringJUnit4ClassRunner constructor called with [class com.cloudbees.compliance.demo.DemoApplicationTests]
08:36:07.821 [main] DEBUG org.springframework.test.context.BootstrapUtils - Instantiating CacheAwareContextLoaderDelegate from class [org.springframework.test.context.cache.DefaultCacheAwareContextLoaderDelegate]
08:36:07.830 [main] DEBUG org.springframework.test.context.BootstrapUtils - Instantiating BootstrapContext using constructor [public org.springframework.test.context.support.DefaultBootstrapContext(java.lang.Class,org.springframework.test.context.CacheAwareContextLoaderDelegate)]
08:36:07.853 [main] DEBUG org.springframework.test.context.BootstrapUtils - Instantiating TestContextBootstrapper for test class [com.cloudbees.compliance.demo.DemoApplicationTests] from class [org.springframework.boot.test.context.SpringBootTestContextBootstrapper]
08:36:07.870 [main] INFO org.springframework.boot.test.context.SpringBootTestContextBootstrapper - Neither @ContextConfiguration nor @ContextHierarchy found for test class [com.cloudbees.compliance.demo.DemoApplicationTests], using SpringBootContextLoader
08:36:07.877 [main] DEBUG org.springframework.test.context.support.AbstractContextLoader - Did not detect default resource location for test class [com.cloudbees.compliance.demo.DemoApplicationTests]: class path resource [com/cloudbees/compliance/demo/DemoApplicationTests-context.xml] does not exist
08:36:07.878 [main] DEBUG org.springframework.test.context.support.AbstractContextLoader - Did not detect default resource location for test class [com.cloudbees.compliance.demo.DemoApplicationTests]: class path resource [com/cloudbees/compliance/demo/DemoApplicationTestsContext.groovy] does not exist
08:36:07.878 [main] INFO org.springframework.test.context.support.AbstractContextLoader - Could not detect default resource locations for test class [com.cloudbees.compliance.demo.DemoApplicationTests]: no resource found for suffixes {-context.xml, Context.groovy}.
08:36:07.879 [main] INFO org.springframework.test.context.support.AnnotationConfigContextLoaderUtils - Could not detect default configuration classes for test class [com.cloudbees.compliance.demo.DemoApplicationTests]: DemoApplicationTests does not declare any static, non-private, non-final, nested classes annotated with @Configuration.
08:36:07.923 [main] DEBUG org.springframework.test.context.support.ActiveProfilesUtils - Could not find an 'annotation declaring class' for annotation type [org.springframework.test.context.ActiveProfiles] and class [com.cloudbees.compliance.demo.DemoApplicationTests]
08:36:08.010 [main] DEBUG org.springframework.context.annotation.ClassPathScanningCandidateComponentProvider - Identified candidate component class: file [/tmp/jenkinsTests.tmp/jenkins8358447554212930492test/workspace/job/target/classes/com/cloudbees/compliance/demo/DemoApplication.class]
08:36:08.013 [main] INFO org.springframework.boot.test.context.SpringBootTestContextBootstrapper - Found @SpringBootConfiguration com.cloudbees.compliance.demo.DemoApplication for test class com.cloudbees.compliance.demo.DemoApplicationTests
08:36:08.131 [main] DEBUG org.springframework.boot.test.context.SpringBootTestContextBootstrapper - @TestExecutionListeners is not present for class [com.cloudbees.compliance.demo.DemoApplicationTests]: using defaults.
08:36:08.131 [main] INFO org.springframework.boot.test.context.SpringBootTestContextBootstrapper - Loaded default TestExecutionListener class names from location [META-INF/spring.factories]: [org.springframework.boot.test.mock.mockito.MockitoTestExecutionListener, org.springframework.boot.test.mock.mockito.ResetMocksTestExecutionListener, org.springframework.boot.test.autoconfigure.restdocs.RestDocsTestExecutionListener, org.springframework.boot.test.autoconfigure.web.client.MockRestServiceServerResetTestExecutionListener, org.springframework.boot.test.autoconfigure.web.servlet.MockMvcPrintOnlyOnFailureTestExecutionListener, org.springframework.boot.test.autoconfigure.web.servlet.WebDriverTestExecutionListener, org.springframework.test.context.web.ServletTestExecutionListener, org.springframework.test.context.support.DirtiesContextBeforeModesTestExecutionListener, org.springframework.test.context.support.DependencyInjectionTestExecutionListener, org.springframework.test.context.support.DirtiesContextTestExecutionListener, org.springframework.test.context.transaction.TransactionalTestExecutionListener, org.springframework.test.context.jdbc.SqlScriptsTestExecutionListener]
08:36:08.144 [main] DEBUG org.springframework.boot.test.context.SpringBootTestContextBootstrapper - Skipping candidate TestExecutionListener [org.springframework.test.context.transaction.TransactionalTestExecutionListener] due to a missing dependency. Specify custom listener classes or make the default listener classes and their required dependencies available. Offending class: [org/springframework/transaction/interceptor/TransactionAttributeSource]
08:36:08.146 [main] DEBUG org.springframework.boot.test.context.SpringBootTestContextBootstrapper - Skipping candidate TestExecutionListener [org.springframework.test.context.jdbc.SqlScriptsTestExecutionListener] due to a missing dependency. Specify custom listener classes or make the default listener classes and their required dependencies available. Offending class: [org/springframework/transaction/interceptor/TransactionAttribute]
08:36:08.147 [main] INFO org.springframework.boot.test.context.SpringBootTestContextBootstrapper - Using TestExecutionListeners: [org.springframework.test.context.web.ServletTestExecutionListener@67c27493, org.springframework.test.context.support.DirtiesContextBeforeModesTestExecutionListener@1a482e36, org.springframework.boot.test.mock.mockito.MockitoTestExecutionListener@72967906, org.springframework.boot.test.autoconfigure.SpringBootDependencyInjectionTestExecutionListener@5b8dfcc1, org.springframework.test.context.support.DirtiesContextTestExecutionListener@2f9f7dcf, org.springframework.boot.test.mock.mockito.ResetMocksTestExecutionListener@747ddf94, org.springframework.boot.test.autoconfigure.restdocs.RestDocsTestExecutionListener@35e2d654, org.springframework.boot.test.autoconfigure.web.client.MockRestServiceServerResetTestExecutionListener@1bd4fdd, org.springframework.boot.test.autoconfigure.web.servlet.MockMvcPrintOnlyOnFailureTestExecutionListener@55183b20, org.springframework.boot.test.autoconfigure.web.servlet.WebDriverTestExecutionListener@4f83df68]
08:36:08.149 [main] DEBUG org.springframework.test.annotation.ProfileValueUtils - Retrieved @ProfileValueSourceConfiguration [null] for test class [com.cloudbees.compliance.demo.DemoApplicationTests]
08:36:08.150 [main] DEBUG org.springframework.test.annotation.ProfileValueUtils - Retrieved ProfileValueSource type [class org.springframework.test.annotation.SystemProfileValueSource] for class [com.cloudbees.compliance.demo.DemoApplicationTests]
08:36:08.152 [main] DEBUG org.springframework.test.annotation.ProfileValueUtils - Retrieved @ProfileValueSourceConfiguration [null] for test class [com.cloudbees.compliance.demo.DemoApplicationTests]
08:36:08.152 [main] DEBUG org.springframework.test.annotation.ProfileValueUtils - Retrieved ProfileValueSource type [class org.springframework.test.annotation.SystemProfileValueSource] for class [com.cloudbees.compliance.demo.DemoApplicationTests]
08:36:08.153 [main] DEBUG org.springframework.test.annotation.ProfileValueUtils - Retrieved @ProfileValueSourceConfiguration [null] for test class [com.cloudbees.compliance.demo.DemoApplicationTests]
08:36:08.153 [main] DEBUG org.springframework.test.annotation.ProfileValueUtils - Retrieved ProfileValueSource type [class org.springframework.test.annotation.SystemProfileValueSource] for class [com.cloudbees.compliance.demo.DemoApplicationTests]
08:36:08.158 [main] DEBUG org.springframework.test.context.support.AbstractDirtiesContextTestExecutionListener - Before test class: context [DefaultTestContext@7c7b252e testClass = DemoApplicationTests, testInstance = [null], testMethod = [null], testException = [null], mergedContextConfiguration = [WebMergedContextConfiguration@4d5d943d testClass = DemoApplicationTests, locations = '{}', classes = '{class com.cloudbees.compliance.demo.DemoApplication}', contextInitializerClasses = '[]', activeProfiles = '{}', propertySourceLocations = '{}', propertySourceProperties = '{org.springframework.boot.test.context.SpringBootTestContextBootstrapper=true}', contextCustomizers = set[org.springframework.boot.test.context.filter.ExcludeFilterContextCustomizer@cb0ed20, org.springframework.boot.test.json.DuplicateJsonObjectContextCustomizerFactory$DuplicateJsonObjectContextCustomizer@28ac3dc3, org.springframework.boot.test.mock.mockito.MockitoContextCustomizer@0, org.springframework.boot.test.web.client.TestRestTemplateContextCustomizer@544a2ea6, org.springframework.boot.test.autoconfigure.properties.PropertyMappingContextCustomizer@0, org.springframework.boot.test.autoconfigure.web.servlet.WebDriverContextCustomizerFactory$Customizer@77846d2c], resourceBasePath = 'src/main/webapp', contextLoader = 'org.springframework.boot.test.context.SpringBootContextLoader', parent = [null]], attributes = map['org.springframework.test.context.web.ServletTestExecutionListener.activateListener' -> true]], class annotated with @DirtiesContext [false] with mode [null].
08:36:08.158 [main] DEBUG org.springframework.test.annotation.ProfileValueUtils - Retrieved @ProfileValueSourceConfiguration [null] for test class [com.cloudbees.compliance.demo.DemoApplicationTests]
08:36:08.159 [main] DEBUG org.springframework.test.annotation.ProfileValueUtils - Retrieved ProfileValueSource type [class org.springframework.test.annotation.SystemProfileValueSource] for class [com.cloudbees.compliance.demo.DemoApplicationTests]
08:36:08.187 [main] DEBUG org.springframework.test.context.support.TestPropertySourceUtils - Adding inlined properties to environment: {spring.jmx.enabled=false, org.springframework.boot.test.context.SpringBootTestContextBootstrapper=true, server.port=-1}

  .   ____          _            __ _ _
 /\\ / ___'_ __ _ _(_)_ __  __ _ \ \ \ \
( ( )\___ | '_ | '_| | '_ \/ _` | \ \ \ \
 \\/  ___)| |_)| | | | | || (_| |  ) ) ) )
  '  |____| .__|_| |_|_| |_\__, | / / / /
 =========|_|==============|___/=/_/_/_/
 :: Spring Boot ::        (v2.1.0.RELEASE)

2018-12-13 08:36:08.771  INFO 315 --- [           main] c.c.c.demo.DemoApplicationTests          : Starting DemoApplicationTests on 095a627e-feb2-11e8-9393-0a580a20015a-r5lb6 with PID 315 (started by root in /tmp/jenkinsTests.tmp/jenkins8358447554212930492test/workspace/job)
2018-12-13 08:36:08.777  INFO 315 --- [           main] c.c.c.demo.DemoApplicationTests          : No active profile set, falling back to default profiles: default
2018-12-13 08:36:12.395  INFO 315 --- [           main] o.s.s.concurrent.ThreadPoolTaskExecutor  : Initializing ExecutorService 'applicationTaskExecutor'
2018-12-13 08:36:14.236  INFO 315 --- [           main] o.s.b.a.e.web.EndpointLinksResolver      : Exposing 2 endpoint(s) beneath base path '/actuator'
2018-12-13 08:36:14.341  INFO 315 --- [           main] c.c.c.demo.DemoApplicationTests          : Started DemoApplicationTests in 6.141 seconds (JVM running for 7.023)
[INFO] Tests run: 1, Failures: 0, Errors: 0, Skipped: 0, Time elapsed: 7.088 s - in com.cloudbees.compliance.demo.DemoApplicationTests
2018-12-13 08:36:14.738  INFO 315 --- [       Thread-4] o.s.s.concurrent.ThreadPoolTaskExecutor  : Shutting down ExecutorService 'applicationTaskExecutor'
[INFO] 
[INFO] Results:
[INFO] 
[INFO] Tests run: 1, Failures: 0, Errors: 0, Skipped: 0
[INFO] 
[INFO] 
[INFO] --- maven-jar-plugin:3.1.0:jar (default-jar) @ jx-demo ---
[INFO] Building jar: /tmp/jenkinsTests.tmp/jenkins8358447554212930492test/workspace/job/target/jx-demo-0.0.0-SNAPSHOT-PR-13-24.jar
[INFO] 
[INFO] --- spring-boot-maven-plugin:2.1.0.RELEASE:repackage (repackage) @ jx-demo ---
[INFO] Replacing main artifact /tmp/jenkinsTests.tmp/jenkins8358447554212930492test/workspace/job/target/jx-demo-0.0.0-SNAPSHOT-PR-13-24.jar
[INFO] 
[INFO] --- maven-install-plugin:2.5.2:install (default-install) @ jx-demo ---
[INFO] Installing /tmp/jenkinsTests.tmp/jenkins8358447554212930492test/workspace/job/target/jx-demo-0.0.0-SNAPSHOT-PR-13-24.jar to /root/.mvnrepository/com/cloudbees/compliance/jx-demo/0.0.0-SNAPSHOT-PR-13-24/jx-demo-0.0.0-SNAPSHOT-PR-13-24.jar
[INFO] Installing /tmp/jenkinsTests.tmp/jenkins8358447554212930492test/workspace/job/pom.xml to /root/.mvnrepository/com/cloudbees/compliance/jx-demo/0.0.0-SNAPSHOT-PR-13-24/jx-demo-0.0.0-SNAPSHOT-PR-13-24.pom
[INFO] ------------------------------------------------------------------------
[INFO] BUILD SUCCESS
[INFO] ------------------------------------------------------------------------
[INFO] Total time: 15.988 s
[INFO] Finished at: 2018-12-13T08:36:17Z
[INFO] ------------------------------------------------------------------------
[Pipeline] sh
+ export VERSION=0.0.0-SNAPSHOT-PR-13-24
+ skaffold build -f skaffold.yaml
time="2018-12-13T08:36:17Z" level=warning msg="config version (skaffold/v1alpha2) out of date: upgrading to latest (skaffold/v1beta1)"
Starting build...
Building [changeme]...
Sending build context to Docker daemon  528.9kBSending build context to Docker daemon  9.999MBSending build context to Docker daemon  18.13MB
Step 1/8 : FROM openjdk:8-jdk-slim
 ---> 44f08b787217
Step 2/8 : ENV PORT 8080
 ---> Using cache
 ---> 6a3acc7be460
Step 3/8 : ENV CLASSPATH /opt/lib
 ---> Using cache
 ---> 78af9e37e1cd
Step 4/8 : EXPOSE 8080
 ---> Using cache
 ---> 883e8b0f8f60
Step 5/8 : COPY pom.xml target/lib* /opt/lib/
 ---> 12d503dd1a8b
Step 6/8 : COPY target/*.jar /opt/app.jar
 ---> 375a4ec2ceda
Step 7/8 : WORKDIR /opt
 ---> 5f65f36a331c
Step 8/8 : CMD java -jar app.jar
 ---> Running in 443b8763b8e6
 ---> abc75e3f668c
Successfully built abc75e3f668c
The push refers to a repository [10.35.246.84:5000/cb-kubecd/jx-demo]
e84d218e50f0: Preparing
684640dbd66f: Preparing
697ae08e1302: Preparing
d54bde5ef5eb: Preparing
6186fdc55773: Preparing
25fee1b94a24: Preparing
c336d6c4055c: Preparing
237472299760: Preparing
25fee1b94a24: Waiting
c336d6c4055c: Waiting
237472299760: Waiting
6186fdc55773: Layer already exists
d54bde5ef5eb: Layer already exists
697ae08e1302: Layer already exists
25fee1b94a24: Layer already exists
c336d6c4055c: Layer already exists
237472299760: Layer already exists
684640dbd66f: Pushed
e84d218e50f0: Pushed
0.0.0-SNAPSHOT-PR-13-24: digest: sha256:b0f1418dc36f1a2ccfb4da05e52ad36ec58d7d178d5111bc9ffc50a8d9efba86 size: 1994
Build complete in 2.249724796s
Starting test...
Test complete in 37.324µs
changeme -> 10.35.246.84:5000/cb-kubecd/jx-demo:0.0.0-SNAPSHOT-PR-13-24
[Pipeline] sh
+ jx step validate --min-jx-version 1.2.36
[Pipeline] sh
+ jx step post build --image 10.35.246.84:5000/cb-kubecd/jx-demo:0.0.0-SNAPSHOT-PR-13-24
[Pipeline] dir
Running in /tmp/jenkinsTests.tmp/jenkins8358447554212930492test/workspace/job/charts/preview
[Pipeline] {
[Pipeline] sh
+ make preview
helm init --client-only
Creating /builder/home/.helm 
Creating /builder/home/.helm/repository 
Creating /builder/home/.helm/repository/cache 
Creating /builder/home/.helm/repository/local 
Creating /builder/home/.helm/plugins 
Creating /builder/home/.helm/starters 
Creating /builder/home/.helm/cache/archive 
Creating /builder/home/.helm/repository/repositories.yaml 
Adding stable repo with URL: https://kubernetes-charts.storage.googleapis.com 
Adding local repo with URL: http://127.0.0.1:8879/charts 
$HELM_HOME has been configured at /builder/home/.helm.
Not installing Tiller due to 'client-only' flag having been set
Happy Helming!
helm repo add chartmuseum http://jenkins-x-chartmuseum:8080
"chartmuseum" has been added to your repositories
helm repo add chartmuseum https://chartmuseum.build.cd.jenkins-x.io
"chartmuseum" has been added to your repositories
sed -i -e "s/version:.*/version: 0.0.0-SNAPSHOT-PR-13-24/" Chart.yaml
sed -i -e "s/version:.*/version: 0.0.0-SNAPSHOT-PR-13-24/" ../*/Chart.yaml
sed -i -e "s|repository: *|repository: 10.35.246.84:5000/cb-kubecd/jx-demo|" values.yaml
sed -i -e "s/tag: .*/tag: 0.0.0-SNAPSHOT-PR-13-24/" values.yaml
echo "  version: 0.0.0-SNAPSHOT-PR-13-24" >> requirements.yaml
helm dependency build
Hang tight while we grab the latest from your chart repositories...
...Unable to get an update from the "local" chart repository (http://127.0.0.1:8879/charts):
	Get http://127.0.0.1:8879/charts/index.yaml: dial tcp 127.0.0.1:8879: connect: connection refused
...Successfully got an update from the "stable" chart repository
...Successfully got an update from the "chartmuseum" chart repository
Update Complete. ⎈Happy Helming!⎈
Saving 3 charts
Downloading exposecontroller from repo https://chartmuseum.build.cd.jenkins-x.io
Downloading exposecontroller from repo https://chartmuseum.build.cd.jenkins-x.io
Deleting outdated charts
helm lint
==> Linting .
[WARNING] templates/: directory not found

1 chart(s) linted, no failures
[Pipeline] sh
+ jx preview --app jx-demo --dir ../..
Creating a preview
Commit author email is empty for: d1c23e469d92bcd3dd86c3f8af8d4bf0709c7b76
Looking for commits in: /tmp/jenkinsTests.tmp/jenkins8358447554212930492test/workspace/job/
Commit not found: d1c23e469d92bcd3dd86c3f8af8d4bf0709c7b76
Commit author email is empty for: 1355d75b258079985825a1f0d59bdbbb0d940346
Looking for commits in: /tmp/jenkinsTests.tmp/jenkins8358447554212930492test/workspace/job/
Commit not found: 1355d75b258079985825a1f0d59bdbbb0d940346
Commit author email is empty for: 877fffd1cf384e19b3f1f36cbe57a572bdee9a13
Looking for commits in: /tmp/jenkinsTests.tmp/jenkins8358447554212930492test/workspace/job/
Commit not found: 877fffd1cf384e19b3f1f36cbe57a572bdee9a13
Commit author email is empty for: 797f00098c5abbe038e2f468a589a06b5459c6e9
Looking for commits in: /tmp/jenkinsTests.tmp/jenkins8358447554212930492test/workspace/job/
Commit not found: 797f00098c5abbe038e2f468a589a06b5459c6e9
Commit author email is empty for: 7f619dd82e5b89266479cb7b3536d28d8328e18e
Looking for commits in: /tmp/jenkinsTests.tmp/jenkins8358447554212930492test/workspace/job/
Commit not found: 7f619dd82e5b89266479cb7b3536d28d8328e18e
Commit author email is empty for: 9c0df3f05e46bcbf8688514d03cffb3b97a1cd7e
Looking for commits in: /tmp/jenkinsTests.tmp/jenkins8358447554212930492test/workspace/job/
Commit not found: 9c0df3f05e46bcbf8688514d03cffb3b97a1cd7e
Commit author email is empty for: 475e638ab8193ccc21fe5b11f7f1c5348eec8ca5
Looking for commits in: /tmp/jenkinsTests.tmp/jenkins8358447554212930492test/workspace/job/
Commit not found: 475e638ab8193ccc21fe5b11f7f1c5348eec8ca5
Commit author email is empty for: 348f828f24fe4bd445aa67ad626526a1567f4180
Looking for commits in: /tmp/jenkinsTests.tmp/jenkins8358447554212930492test/workspace/job/
PullRequest author email is empty
expose:
  config:
    domain: cd-process.dev.core.beescloud.com
    exposer: Ingress
    http: "true"
  Annotations:
    helm.sh/hook: post-install,post-upgrade
    helm.sh/hook-delete-policy: hook-succeeded
preview:
  image:
    repository: 10.35.246.84:5000/cb-kubecd/jx-demo
    tag: 0.0.0-SNAPSHOT-PR-13-24
Updating PipelineActivities cb-kubecd-jx-demo-pr-13-24 which has status Running
Preview application is now available at: http://jx-demo.jx-cb-kubecd-jx-demo-pr-13.cd-process.dev.core.beescloud.com

[Pipeline] }
[Pipeline] // dir
[Pipeline] }
[Pipeline] // withEnv
[Pipeline] }
[Pipeline] // stage
[Pipeline] stage
[Pipeline] { (Build Release)
Stage "Build Release" skipped due to when conditional
[Pipeline] }
[Pipeline] // stage
[Pipeline] stage
[Pipeline] { (Promote to Environments)
Stage "Promote to Environments" skipped due to when conditional
[Pipeline] }
[Pipeline] // stage
[Pipeline] stage
[Pipeline] { (Declarative: Post Actions)
[Pipeline] sh
+ jx step post run
Running Extension jx.spotbugsMavenRun
Picked up _JAVA_OPTIONS: -Xmx400m
[INFO] Scanning for projects...
[INFO] 
[INFO] ------------------< com.cloudbees.compliance:jx-demo >------------------
[INFO] Building demo 0.0.0-SNAPSHOT-PR-13-24
[INFO] --------------------------------[ jar ]---------------------------------
[INFO] 
[INFO] --- maven-resources-plugin:3.1.0:resources (default-resources) @ jx-demo ---
[INFO] Using 'UTF-8' encoding to copy filtered resources.
[INFO] Copying 1 resource
[INFO] Copying 0 resource
[INFO] 
[INFO] --- maven-compiler-plugin:3.8.0:compile (default-compile) @ jx-demo ---
[INFO] Nothing to compile - all classes are up to date
[INFO] 
[INFO] --- spotbugs-maven-plugin:3.1.9:spotbugs (default-cli) @ jx-demo ---
[INFO] Fork Value is true
     [java] Picked up _JAVA_OPTIONS: -Xmx400m
     [java] SLF4J: No SLF4J providers were found.
     [java] SLF4J: Defaulting to no-operation (NOP) logger implementation
     [java] SLF4J: See http://www.slf4j.org/codes.html#noProviders for further details.
     [java] Warnings generated: 4
[INFO] Done SpotBugs Analysis....
[INFO] ------------------------------------------------------------------------
[INFO] BUILD SUCCESS
[INFO] ------------------------------------------------------------------------
[INFO] Total time: 11.693 s
[INFO] Finished at: 2018-12-13T08:37:09Z
[INFO] ------------------------------------------------------------------------
Running Extension jx.spotbugsMavenPublish
Publishing https://cb-kubecd.github.io/jx-demo/jenkins-x/default/cb-kubecd/jx-demo/PR-13/24/spotbugsXml.xml
[Pipeline] }
[Pipeline] // stage
[Pipeline] }
[Pipeline] // withEnv
[Pipeline] }
[Pipeline] // withCredentials
[Pipeline] }
[Pipeline] // node
[Pipeline] End of Pipeline
Finished: SUCCESS
