Step: build-step-credential-initializer:

Step: build-step-git-source:

Step: build-step-jenkins:

Picked up _JAVA_OPTIONS: -Xmx400m
  11.633 [id=26]	SEVERE	c.c.j.p.k.KubernetesCredentialProvider#startWatchingForSecrets: Failed to initialise k8s secret provider, secrets from Kubernetes will not be available
io.fabric8.kubernetes.client.KubernetesClientException: Failure executing: GET at: https://kubernetes.default.svc/api/v1/namespaces/jx/secrets?labelSelector=jenkins.io/credentials-type. Message: Forbidden!Configured service account doesn't have access. Service account may have been revoked. secrets is forbidden: User "system:serviceaccount:jx:helm" cannot list secrets in the namespace "jx".
	at io.fabric8.kubernetes.client.dsl.base.OperationSupport.requestFailure(OperationSupport.java:470)
	at io.fabric8.kubernetes.client.dsl.base.OperationSupport.assertResponseCode(OperationSupport.java:407)
	at io.fabric8.kubernetes.client.dsl.base.OperationSupport.handleResponse(OperationSupport.java:379)
	at io.fabric8.kubernetes.client.dsl.base.OperationSupport.handleResponse(OperationSupport.java:343)
	at io.fabric8.kubernetes.client.dsl.base.OperationSupport.handleResponse(OperationSupport.java:327)
	at io.fabric8.kubernetes.client.dsl.base.BaseOperation.list(BaseOperation.java:605)
	at io.fabric8.kubernetes.client.dsl.base.BaseOperation.list(BaseOperation.java:70)
	at com.cloudbees.jenkins.plugins.kubernetes_credentials_provider.KubernetesCredentialProvider.startWatchingForSecrets(KubernetesCredentialProvider.java:84)
	at sun.reflect.NativeMethodAccessorImpl.invoke0(Native Method)
	at sun.reflect.NativeMethodAccessorImpl.invoke(NativeMethodAccessorImpl.java:62)
	at sun.reflect.DelegatingMethodAccessorImpl.invoke(DelegatingMethodAccessorImpl.java:43)
	at java.lang.reflect.Method.invoke(Method.java:498)
	at hudson.init.TaskMethodFinder.invoke(TaskMethodFinder.java:104)
	at hudson.init.TaskMethodFinder$TaskImpl.run(TaskMethodFinder.java:175)
	at org.jvnet.hudson.reactor.Reactor.runTask(Reactor.java:296)
	at jenkins.model.Jenkins$5.runTask(Jenkins.java:1083)
	at org.jvnet.hudson.reactor.Reactor$2.run(Reactor.java:214)
	at org.jvnet.hudson.reactor.Reactor$Node.run(Reactor.java:117)
	at java.util.concurrent.ThreadPoolExecutor.runWorker(ThreadPoolExecutor.java:1149)
	at java.util.concurrent.ThreadPoolExecutor$Worker.run(ThreadPoolExecutor.java:624)
	at java.lang.Thread.run(Thread.java:748)
Started
Running in Durability level: PERFORMANCE_OPTIMIZED
  13.972 [id=15]	WARNING	i.f.k.c.i.VersionUsageUtils#alert: The client is using resource type 'customresourcedefinitions' with unstable version 'v1beta1'
  14.410 [id=15]	SEVERE	hudson.triggers.SafeTimerTask#run: Timer task org.jenkinsci.plugins.jx.resources.BuildSyncRunListener$1@467caf96 failed
io.fabric8.kubernetes.client.KubernetesClientException: Failure executing: GET at: https://kubernetes.default.svc/apis/apiextensions.k8s.io/v1beta1/customresourcedefinitions. Message: Forbidden!Configured service account doesn't have access. Service account may have been revoked. customresourcedefinitions.apiextensions.k8s.io is forbidden: User "system:serviceaccount:jx:helm" cannot list customresourcedefinitions.apiextensions.k8s.io at the cluster scope.
	at io.fabric8.kubernetes.client.dsl.base.OperationSupport.requestFailure(OperationSupport.java:472)
	at io.fabric8.kubernetes.client.dsl.base.OperationSupport.assertResponseCode(OperationSupport.java:409)
	at io.fabric8.kubernetes.client.dsl.base.OperationSupport.handleResponse(OperationSupport.java:381)
	at io.fabric8.kubernetes.client.dsl.base.OperationSupport.handleResponse(OperationSupport.java:344)
	at io.fabric8.kubernetes.client.dsl.base.OperationSupport.handleResponse(OperationSupport.java:328)
	at io.fabric8.kubernetes.client.dsl.base.BaseOperation.list(BaseOperation.java:584)
	at io.fabric8.kubernetes.client.dsl.base.BaseOperation.list(BaseOperation.java:49)
	at io.jenkins.x.client.kube.ClientHelper.pipelineActivityClient(ClientHelper.java:21)
	at org.jenkinsci.plugins.jx.resources.BuildSyncRunListener.upsertBuild(BuildSyncRunListener.java:244)
	at org.jenkinsci.plugins.jx.resources.BuildSyncRunListener.pollRun(BuildSyncRunListener.java:214)
	at org.jenkinsci.plugins.jx.resources.BuildSyncRunListener.pollLoop(BuildSyncRunListener.java:202)
	at org.jenkinsci.plugins.jx.resources.BuildSyncRunListener$1.doRun(BuildSyncRunListener.java:166)
	at hudson.triggers.SafeTimerTask.run(SafeTimerTask.java:72)
	at jenkins.security.ImpersonatingScheduledExecutorService$1.run(ImpersonatingScheduledExecutorService.java:58)
	at java.util.concurrent.Executors$RunnableAdapter.call(Executors.java:511)
	at java.util.concurrent.FutureTask.runAndReset(FutureTask.java:308)
	at java.util.concurrent.ScheduledThreadPoolExecutor$ScheduledFutureTask.access$301(ScheduledThreadPoolExecutor.java:180)
	at java.util.concurrent.ScheduledThreadPoolExecutor$ScheduledFutureTask.run(ScheduledThreadPoolExecutor.java:294)
	at java.util.concurrent.ThreadPoolExecutor.runWorker(ThreadPoolExecutor.java:1149)
	at java.util.concurrent.ThreadPoolExecutor$Worker.run(ThreadPoolExecutor.java:624)
	at java.lang.Thread.run(Thread.java:748)
  14.497 [id=42]	SEVERE	hudson.triggers.SafeTimerTask#run: Timer task org.jenkinsci.plugins.jx.resources.BuildSyncRunListener$1@467caf96 failed
io.fabric8.kubernetes.client.KubernetesClientException: Failure executing: GET at: https://kubernetes.default.svc/apis/apiextensions.k8s.io/v1beta1/customresourcedefinitions. Message: Forbidden!Configured service account doesn't have access. Service account may have been revoked. customresourcedefinitions.apiextensions.k8s.io is forbidden: User "system:serviceaccount:jx:helm" cannot list customresourcedefinitions.apiextensions.k8s.io at the cluster scope.
	at io.fabric8.kubernetes.client.dsl.base.OperationSupport.requestFailure(OperationSupport.java:472)
	at io.fabric8.kubernetes.client.dsl.base.OperationSupport.assertResponseCode(OperationSupport.java:409)
	at io.fabric8.kubernetes.client.dsl.base.OperationSupport.handleResponse(OperationSupport.java:381)
	at io.fabric8.kubernetes.client.dsl.base.OperationSupport.handleResponse(OperationSupport.java:344)
	at io.fabric8.kubernetes.client.dsl.base.OperationSupport.handleResponse(OperationSupport.java:328)
	at io.fabric8.kubernetes.client.dsl.base.BaseOperation.list(BaseOperation.java:584)
	at io.fabric8.kubernetes.client.dsl.base.BaseOperation.list(BaseOperation.java:49)
	at io.jenkins.x.client.kube.ClientHelper.pipelineActivityClient(ClientHelper.java:21)
	at org.jenkinsci.plugins.jx.resources.BuildSyncRunListener.upsertBuild(BuildSyncRunListener.java:244)
	at org.jenkinsci.plugins.jx.resources.BuildSyncRunListener.pollRun(BuildSyncRunListener.java:214)
	at org.jenkinsci.plugins.jx.resources.BuildSyncRunListener.pollLoop(BuildSyncRunListener.java:202)
	at org.jenkinsci.plugins.jx.resources.BuildSyncRunListener$1.doRun(BuildSyncRunListener.java:166)
	at hudson.triggers.SafeTimerTask.run(SafeTimerTask.java:72)
	at jenkins.security.ImpersonatingScheduledExecutorService$1.run(ImpersonatingScheduledExecutorService.java:58)
	at java.util.concurrent.Executors$RunnableAdapter.call(Executors.java:511)
	at java.util.concurrent.FutureTask.runAndReset(FutureTask.java:308)
	at java.util.concurrent.ScheduledThreadPoolExecutor$ScheduledFutureTask.access$301(ScheduledThreadPoolExecutor.java:180)
	at java.util.concurrent.ScheduledThreadPoolExecutor$ScheduledFutureTask.run(ScheduledThreadPoolExecutor.java:294)
	at java.util.concurrent.ThreadPoolExecutor.runWorker(ThreadPoolExecutor.java:1149)
	at java.util.concurrent.ThreadPoolExecutor$Worker.run(ThreadPoolExecutor.java:624)
	at java.lang.Thread.run(Thread.java:748)
  15.488 [id=37]	SEVERE	hudson.triggers.SafeTimerTask#run: Timer task org.jenkinsci.plugins.jx.resources.BuildSyncRunListener$1@467caf96 failed
io.fabric8.kubernetes.client.KubernetesClientException: Failure executing: GET at: https://kubernetes.default.svc/apis/apiextensions.k8s.io/v1beta1/customresourcedefinitions. Message: Forbidden!Configured service account doesn't have access. Service account may have been revoked. customresourcedefinitions.apiextensions.k8s.io is forbidden: User "system:serviceaccount:jx:helm" cannot list customresourcedefinitions.apiextensions.k8s.io at the cluster scope.
	at io.fabric8.kubernetes.client.dsl.base.OperationSupport.requestFailure(OperationSupport.java:472)
	at io.fabric8.kubernetes.client.dsl.base.OperationSupport.assertResponseCode(OperationSupport.java:409)
	at io.fabric8.kubernetes.client.dsl.base.OperationSupport.handleResponse(OperationSupport.java:381)
	at io.fabric8.kubernetes.client.dsl.base.OperationSupport.handleResponse(OperationSupport.java:344)
	at io.fabric8.kubernetes.client.dsl.base.OperationSupport.handleResponse(OperationSupport.java:328)
	at io.fabric8.kubernetes.client.dsl.base.BaseOperation.list(BaseOperation.java:584)
	at io.fabric8.kubernetes.client.dsl.base.BaseOperation.list(BaseOperation.java:49)
	at io.jenkins.x.client.kube.ClientHelper.pipelineActivityClient(ClientHelper.java:21)
	at org.jenkinsci.plugins.jx.resources.BuildSyncRunListener.upsertBuild(BuildSyncRunListener.java:244)
	at org.jenkinsci.plugins.jx.resources.BuildSyncRunListener.pollRun(BuildSyncRunListener.java:214)
	at org.jenkinsci.plugins.jx.resources.BuildSyncRunListener.pollLoop(BuildSyncRunListener.java:202)
	at org.jenkinsci.plugins.jx.resources.BuildSyncRunListener$1.doRun(BuildSyncRunListener.java:166)
	at hudson.triggers.SafeTimerTask.run(SafeTimerTask.java:72)
	at jenkins.security.ImpersonatingScheduledExecutorService$1.run(ImpersonatingScheduledExecutorService.java:58)
	at java.util.concurrent.Executors$RunnableAdapter.call(Executors.java:511)
	at java.util.concurrent.FutureTask.runAndReset(FutureTask.java:308)
	at java.util.concurrent.ScheduledThreadPoolExecutor$ScheduledFutureTask.access$301(ScheduledThreadPoolExecutor.java:180)
	at java.util.concurrent.ScheduledThreadPoolExecutor$ScheduledFutureTask.run(ScheduledThreadPoolExecutor.java:294)
	at java.util.concurrent.ThreadPoolExecutor.runWorker(ThreadPoolExecutor.java:1149)
	at java.util.concurrent.ThreadPoolExecutor$Worker.run(ThreadPoolExecutor.java:624)
	at java.lang.Thread.run(Thread.java:748)
  16.506 [id=38]	SEVERE	hudson.triggers.SafeTimerTask#run: Timer task org.jenkinsci.plugins.jx.resources.BuildSyncRunListener$1@467caf96 failed
io.fabric8.kubernetes.client.KubernetesClientException: Failure executing: GET at: https://kubernetes.default.svc/apis/apiextensions.k8s.io/v1beta1/customresourcedefinitions. Message: Forbidden!Configured service account doesn't have access. Service account may have been revoked. customresourcedefinitions.apiextensions.k8s.io is forbidden: User "system:serviceaccount:jx:helm" cannot list customresourcedefinitions.apiextensions.k8s.io at the cluster scope.
	at io.fabric8.kubernetes.client.dsl.base.OperationSupport.requestFailure(OperationSupport.java:472)
	at io.fabric8.kubernetes.client.dsl.base.OperationSupport.assertResponseCode(OperationSupport.java:409)
	at io.fabric8.kubernetes.client.dsl.base.OperationSupport.handleResponse(OperationSupport.java:381)
	at io.fabric8.kubernetes.client.dsl.base.OperationSupport.handleResponse(OperationSupport.java:344)
	at io.fabric8.kubernetes.client.dsl.base.OperationSupport.handleResponse(OperationSupport.java:328)
	at io.fabric8.kubernetes.client.dsl.base.BaseOperation.list(BaseOperation.java:584)
	at io.fabric8.kubernetes.client.dsl.base.BaseOperation.list(BaseOperation.java:49)
	at io.jenkins.x.client.kube.ClientHelper.pipelineActivityClient(ClientHelper.java:21)
	at org.jenkinsci.plugins.jx.resources.BuildSyncRunListener.upsertBuild(BuildSyncRunListener.java:244)
	at org.jenkinsci.plugins.jx.resources.BuildSyncRunListener.pollRun(BuildSyncRunListener.java:214)
	at org.jenkinsci.plugins.jx.resources.BuildSyncRunListener.pollLoop(BuildSyncRunListener.java:202)
	at org.jenkinsci.plugins.jx.resources.BuildSyncRunListener$1.doRun(BuildSyncRunListener.java:166)
	at hudson.triggers.SafeTimerTask.run(SafeTimerTask.java:72)
	at jenkins.security.ImpersonatingScheduledExecutorService$1.run(ImpersonatingScheduledExecutorService.java:58)
	at java.util.concurrent.Executors$RunnableAdapter.call(Executors.java:511)
	at java.util.concurrent.FutureTask.runAndReset(FutureTask.java:308)
	at java.util.concurrent.ScheduledThreadPoolExecutor$ScheduledFutureTask.access$301(ScheduledThreadPoolExecutor.java:180)
	at java.util.concurrent.ScheduledThreadPoolExecutor$ScheduledFutureTask.run(ScheduledThreadPoolExecutor.java:294)
	at java.util.concurrent.ThreadPoolExecutor.runWorker(ThreadPoolExecutor.java:1149)
	at java.util.concurrent.ThreadPoolExecutor$Worker.run(ThreadPoolExecutor.java:624)
	at java.lang.Thread.run(Thread.java:748)
  17.536 [id=15]	SEVERE	hudson.triggers.SafeTimerTask#run: Timer task org.jenkinsci.plugins.jx.resources.BuildSyncRunListener$1@467caf96 failed
io.fabric8.kubernetes.client.KubernetesClientException: Failure executing: GET at: https://kubernetes.default.svc/apis/apiextensions.k8s.io/v1beta1/customresourcedefinitions. Message: Forbidden!Configured service account doesn't have access. Service account may have been revoked. customresourcedefinitions.apiextensions.k8s.io is forbidden: User "system:serviceaccount:jx:helm" cannot list customresourcedefinitions.apiextensions.k8s.io at the cluster scope.
	at io.fabric8.kubernetes.client.dsl.base.OperationSupport.requestFailure(OperationSupport.java:472)
	at io.fabric8.kubernetes.client.dsl.base.OperationSupport.assertResponseCode(OperationSupport.java:409)
	at io.fabric8.kubernetes.client.dsl.base.OperationSupport.handleResponse(OperationSupport.java:381)
	at io.fabric8.kubernetes.client.dsl.base.OperationSupport.handleResponse(OperationSupport.java:344)
	at io.fabric8.kubernetes.client.dsl.base.OperationSupport.handleResponse(OperationSupport.java:328)
	at io.fabric8.kubernetes.client.dsl.base.BaseOperation.list(BaseOperation.java:584)
	at io.fabric8.kubernetes.client.dsl.base.BaseOperation.list(BaseOperation.java:49)
	at io.jenkins.x.client.kube.ClientHelper.pipelineActivityClient(ClientHelper.java:21)
	at org.jenkinsci.plugins.jx.resources.BuildSyncRunListener.upsertBuild(BuildSyncRunListener.java:244)
	at org.jenkinsci.plugins.jx.resources.BuildSyncRunListener.pollRun(BuildSyncRunListener.java:214)
	at org.jenkinsci.plugins.jx.resources.BuildSyncRunListener.pollLoop(BuildSyncRunListener.java:202)
	at org.jenkinsci.plugins.jx.resources.BuildSyncRunListener$1.doRun(BuildSyncRunListener.java:166)
	at hudson.triggers.SafeTimerTask.run(SafeTimerTask.java:72)
	at jenkins.security.ImpersonatingScheduledExecutorService$1.run(ImpersonatingScheduledExecutorService.java:58)
	at java.util.concurrent.Executors$RunnableAdapter.call(Executors.java:511)
	at java.util.concurrent.FutureTask.runAndReset(FutureTask.java:308)
	at java.util.concurrent.ScheduledThreadPoolExecutor$ScheduledFutureTask.access$301(ScheduledThreadPoolExecutor.java:180)
	at java.util.concurrent.ScheduledThreadPoolExecutor$ScheduledFutureTask.run(ScheduledThreadPoolExecutor.java:294)
	at java.util.concurrent.ThreadPoolExecutor.runWorker(ThreadPoolExecutor.java:1149)
	at java.util.concurrent.ThreadPoolExecutor$Worker.run(ThreadPoolExecutor.java:624)
	at java.lang.Thread.run(Thread.java:748)
  18.477 [id=39]	SEVERE	hudson.triggers.SafeTimerTask#run: Timer task org.jenkinsci.plugins.jx.resources.BuildSyncRunListener$1@467caf96 failed
io.fabric8.kubernetes.client.KubernetesClientException: Failure executing: GET at: https://kubernetes.default.svc/apis/apiextensions.k8s.io/v1beta1/customresourcedefinitions. Message: Forbidden!Configured service account doesn't have access. Service account may have been revoked. customresourcedefinitions.apiextensions.k8s.io is forbidden: User "system:serviceaccount:jx:helm" cannot list customresourcedefinitions.apiextensions.k8s.io at the cluster scope.
	at io.fabric8.kubernetes.client.dsl.base.OperationSupport.requestFailure(OperationSupport.java:472)
	at io.fabric8.kubernetes.client.dsl.base.OperationSupport.assertResponseCode(OperationSupport.java:409)
	at io.fabric8.kubernetes.client.dsl.base.OperationSupport.handleResponse(OperationSupport.java:381)
	at io.fabric8.kubernetes.client.dsl.base.OperationSupport.handleResponse(OperationSupport.java:344)
	at io.fabric8.kubernetes.client.dsl.base.OperationSupport.handleResponse(OperationSupport.java:328)
	at io.fabric8.kubernetes.client.dsl.base.BaseOperation.list(BaseOperation.java:584)
	at io.fabric8.kubernetes.client.dsl.base.BaseOperation.list(BaseOperation.java:49)
	at io.jenkins.x.client.kube.ClientHelper.pipelineActivityClient(ClientHelper.java:21)
	at org.jenkinsci.plugins.jx.resources.BuildSyncRunListener.upsertBuild(BuildSyncRunListener.java:244)
	at org.jenkinsci.plugins.jx.resources.BuildSyncRunListener.pollRun(BuildSyncRunListener.java:214)
	at org.jenkinsci.plugins.jx.resources.BuildSyncRunListener.pollLoop(BuildSyncRunListener.java:202)
	at org.jenkinsci.plugins.jx.resources.BuildSyncRunListener$1.doRun(BuildSyncRunListener.java:166)
	at hudson.triggers.SafeTimerTask.run(SafeTimerTask.java:72)
	at jenkins.security.ImpersonatingScheduledExecutorService$1.run(ImpersonatingScheduledExecutorService.java:58)
	at java.util.concurrent.Executors$RunnableAdapter.call(Executors.java:511)
	at java.util.concurrent.FutureTask.runAndReset(FutureTask.java:308)
	at java.util.concurrent.ScheduledThreadPoolExecutor$ScheduledFutureTask.access$301(ScheduledThreadPoolExecutor.java:180)
	at java.util.concurrent.ScheduledThreadPoolExecutor$ScheduledFutureTask.run(ScheduledThreadPoolExecutor.java:294)
	at java.util.concurrent.ThreadPoolExecutor.runWorker(ThreadPoolExecutor.java:1149)
	at java.util.concurrent.ThreadPoolExecutor$Worker.run(ThreadPoolExecutor.java:624)
	at java.lang.Thread.run(Thread.java:748)
[Pipeline] node
Running on Jenkins in /tmp/jenkinsTests.tmp/jenkins7815494709123235227test/workspace/job
  19.478 [id=34]	SEVERE	hudson.triggers.SafeTimerTask#run: Timer task org.jenkinsci.plugins.jx.resources.BuildSyncRunListener$1@467caf96 failed
io.fabric8.kubernetes.client.KubernetesClientException: Failure executing: GET at: https://kubernetes.default.svc/apis/apiextensions.k8s.io/v1beta1/customresourcedefinitions. Message: Forbidden!Configured service account doesn't have access. Service account may have been revoked. customresourcedefinitions.apiextensions.k8s.io is forbidden: User "system:serviceaccount:jx:helm" cannot list customresourcedefinitions.apiextensions.k8s.io at the cluster scope.
	at io.fabric8.kubernetes.client.dsl.base.OperationSupport.requestFailure(OperationSupport.java:472)
	at io.fabric8.kubernetes.client.dsl.base.OperationSupport.assertResponseCode(OperationSupport.java:409)
	at io.fabric8.kubernetes.client.dsl.base.OperationSupport.handleResponse(OperationSupport.java:381)
	at io.fabric8.kubernetes.client.dsl.base.OperationSupport.handleResponse(OperationSupport.java:344)
	at io.fabric8.kubernetes.client.dsl.base.OperationSupport.handleResponse(OperationSupport.java:328)
	at io.fabric8.kubernetes.client.dsl.base.BaseOperation.list(BaseOperation.java:584)
	at io.fabric8.kubernetes.client.dsl.base.BaseOperation.list(BaseOperation.java:49)
	at io.jenkins.x.client.kube.ClientHelper.pipelineActivityClient(ClientHelper.java:21)
	at org.jenkinsci.plugins.jx.resources.BuildSyncRunListener.upsertBuild(BuildSyncRunListener.java:244)
	at org.jenkinsci.plugins.jx.resources.BuildSyncRunListener.pollRun(BuildSyncRunListener.java:214)
	at org.jenkinsci.plugins.jx.resources.BuildSyncRunListener.pollLoop(BuildSyncRunListener.java:202)
	at org.jenkinsci.plugins.jx.resources.BuildSyncRunListener$1.doRun(BuildSyncRunListener.java:166)
	at hudson.triggers.SafeTimerTask.run(SafeTimerTask.java:72)
	at jenkins.security.ImpersonatingScheduledExecutorService$1.run(ImpersonatingScheduledExecutorService.java:58)
	at java.util.concurrent.Executors$RunnableAdapter.call(Executors.java:511)
	at java.util.concurrent.FutureTask.runAndReset(FutureTask.java:308)
	at java.util.concurrent.ScheduledThreadPoolExecutor$ScheduledFutureTask.access$301(ScheduledThreadPoolExecutor.java:180)
	at java.util.concurrent.ScheduledThreadPoolExecutor$ScheduledFutureTask.run(ScheduledThreadPoolExecutor.java:294)
	at java.util.concurrent.ThreadPoolExecutor.runWorker(ThreadPoolExecutor.java:1149)
	at java.util.concurrent.ThreadPoolExecutor$Worker.run(ThreadPoolExecutor.java:624)
	at java.lang.Thread.run(Thread.java:748)
  19.774 [id=49]	WARNING	o.j.plugins.workflow.cps.DSL#invokeStep: Error storing the arguments for step: checkout
org.kohsuke.stapler.NoStaplerConstructorException: There's no @DataBoundConstructor on any constructor of class io.jenkins.jenkinsfile.runner.FileSystemSCM
	at org.kohsuke.stapler.ClassDescriptor.loadConstructorParamNames(ClassDescriptor.java:265)
	at org.jenkinsci.plugins.structs.describable.DescribableModel.<init>(DescribableModel.java:144)
	at org.jenkinsci.plugins.structs.describable.DescribableModel.of(DescribableModel.java:114)
	at org.jenkinsci.plugins.workflow.cps.actions.ArgumentsActionImpl.sanitizeObjectAndRecordMutation(ArgumentsActionImpl.java:294)
	at org.jenkinsci.plugins.workflow.cps.actions.ArgumentsActionImpl.sanitizeMapAndRecordMutation(ArgumentsActionImpl.java:386)
	at org.jenkinsci.plugins.workflow.cps.actions.ArgumentsActionImpl.<init>(ArgumentsActionImpl.java:74)
	at org.jenkinsci.plugins.workflow.cps.DSL.invokeStep(DSL.java:245)
	at org.jenkinsci.plugins.workflow.cps.DSL.invokeMethod(DSL.java:178)
	at org.jenkinsci.plugins.workflow.cps.CpsScript.invokeMethod(CpsScript.java:122)
	at org.codehaus.groovy.runtime.callsite.PogoMetaClassSite.call(PogoMetaClassSite.java:48)
	at org.codehaus.groovy.runtime.callsite.CallSiteArray.defaultCall(CallSiteArray.java:48)
	at org.codehaus.groovy.runtime.callsite.AbstractCallSite.call(AbstractCallSite.java:113)
	at com.cloudbees.groovy.cps.sandbox.DefaultInvoker.methodCall(DefaultInvoker.java:20)
	at com.cloudbees.groovy.cps.impl.ContinuationGroup.methodCall(ContinuationGroup.java:57)
	at com.cloudbees.groovy.cps.impl.FunctionCallBlock$ContinuationImpl.dispatchOrArg(FunctionCallBlock.java:109)
	at com.cloudbees.groovy.cps.impl.FunctionCallBlock$ContinuationImpl.fixArg(FunctionCallBlock.java:82)
	at sun.reflect.GeneratedMethodAccessor82.invoke(Unknown Source)
	at sun.reflect.DelegatingMethodAccessorImpl.invoke(DelegatingMethodAccessorImpl.java:43)
	at java.lang.reflect.Method.invoke(Method.java:498)
	at com.cloudbees.groovy.cps.impl.ContinuationPtr$ContinuationImpl.receive(ContinuationPtr.java:72)
	at com.cloudbees.groovy.cps.impl.PropertyishBlock$ContinuationImpl.get(PropertyishBlock.java:76)
	at com.cloudbees.groovy.cps.LValueBlock$GetAdapter.receive(LValueBlock.java:30)
	at com.cloudbees.groovy.cps.impl.PropertyishBlock$ContinuationImpl.fixName(PropertyishBlock.java:66)
	at sun.reflect.GeneratedMethodAccessor87.invoke(Unknown Source)
	at sun.reflect.DelegatingMethodAccessorImpl.invoke(DelegatingMethodAccessorImpl.java:43)
	at java.lang.reflect.Method.invoke(Method.java:498)
	at com.cloudbees.groovy.cps.impl.ContinuationPtr$ContinuationImpl.receive(ContinuationPtr.java:72)
	at com.cloudbees.groovy.cps.impl.ConstantBlock.eval(ConstantBlock.java:21)
	at com.cloudbees.groovy.cps.Next.step(Next.java:83)
	at com.cloudbees.groovy.cps.Continuable$1.call(Continuable.java:174)
	at com.cloudbees.groovy.cps.Continuable$1.call(Continuable.java:163)
	at org.codehaus.groovy.runtime.GroovyCategorySupport$ThreadCategoryInfo.use(GroovyCategorySupport.java:129)
	at org.codehaus.groovy.runtime.GroovyCategorySupport.use(GroovyCategorySupport.java:268)
	at com.cloudbees.groovy.cps.Continuable.run0(Continuable.java:163)
	at org.jenkinsci.plugins.workflow.cps.SandboxContinuable.access$101(SandboxContinuable.java:34)
	at org.jenkinsci.plugins.workflow.cps.SandboxContinuable.lambda$run0$0(SandboxContinuable.java:59)
	at org.jenkinsci.plugins.scriptsecurity.sandbox.groovy.GroovySandbox.runInSandbox(GroovySandbox.java:108)
	at org.jenkinsci.plugins.workflow.cps.SandboxContinuable.run0(SandboxContinuable.java:58)
	at org.jenkinsci.plugins.workflow.cps.CpsThread.runNextChunk(CpsThread.java:182)
	at org.jenkinsci.plugins.workflow.cps.CpsThreadGroup.run(CpsThreadGroup.java:332)
	at org.jenkinsci.plugins.workflow.cps.CpsThreadGroup.access$200(CpsThreadGroup.java:83)
	at org.jenkinsci.plugins.workflow.cps.CpsThreadGroup$2.call(CpsThreadGroup.java:244)
	at org.jenkinsci.plugins.workflow.cps.CpsThreadGroup$2.call(CpsThreadGroup.java:232)
	at org.jenkinsci.plugins.workflow.cps.CpsVmExecutorService$2.call(CpsVmExecutorService.java:64)
	at java.util.concurrent.FutureTask.run(FutureTask.java:266)
	at hudson.remoting.SingleLaneExecutorService$1.run(SingleLaneExecutorService.java:131)
	at jenkins.util.ContextResettingExecutorService$1.run(ContextResettingExecutorService.java:28)
	at jenkins.security.ImpersonatingExecutorService$1.run(ImpersonatingExecutorService.java:59)
	at java.util.concurrent.Executors$RunnableAdapter.call(Executors.java:511)
	at java.util.concurrent.FutureTask.run(FutureTask.java:266)
	at java.util.concurrent.ThreadPoolExecutor.runWorker(ThreadPoolExecutor.java:1149)
	at java.util.concurrent.ThreadPoolExecutor$Worker.run(ThreadPoolExecutor.java:624)
	at java.lang.Thread.run(Thread.java:748)
[Pipeline] {
[Pipeline] stage
[Pipeline] { (Declarative: Checkout SCM)
[Pipeline] checkout
[Pipeline] }
[Pipeline] // stage
[Pipeline] }
[Pipeline] // node
[Pipeline] stage
[Pipeline] { (Declarative: Post Actions)
[Pipeline] sh
Required context class hudson.FilePath is missing
Perhaps you forgot to surround the code with a step that provides this, such as: node
  20.500 [id=15]	SEVERE	hudson.triggers.SafeTimerTask#run: Timer task org.jenkinsci.plugins.jx.resources.BuildSyncRunListener$1@467caf96 failed
io.fabric8.kubernetes.client.KubernetesClientException: Failure executing: GET at: https://kubernetes.default.svc/apis/apiextensions.k8s.io/v1beta1/customresourcedefinitions. Message: Forbidden!Configured service account doesn't have access. Service account may have been revoked. customresourcedefinitions.apiextensions.k8s.io is forbidden: User "system:serviceaccount:jx:helm" cannot list customresourcedefinitions.apiextensions.k8s.io at the cluster scope.
	at io.fabric8.kubernetes.client.dsl.base.OperationSupport.requestFailure(OperationSupport.java:472)
	at io.fabric8.kubernetes.client.dsl.base.OperationSupport.assertResponseCode(OperationSupport.java:409)
	at io.fabric8.kubernetes.client.dsl.base.OperationSupport.handleResponse(OperationSupport.java:381)
	at io.fabric8.kubernetes.client.dsl.base.OperationSupport.handleResponse(OperationSupport.java:344)
	at io.fabric8.kubernetes.client.dsl.base.OperationSupport.handleResponse(OperationSupport.java:328)
	at io.fabric8.kubernetes.client.dsl.base.BaseOperation.list(BaseOperation.java:584)
	at io.fabric8.kubernetes.client.dsl.base.BaseOperation.list(BaseOperation.java:49)
	at io.jenkins.x.client.kube.ClientHelper.pipelineActivityClient(ClientHelper.java:21)
	at org.jenkinsci.plugins.jx.resources.BuildSyncRunListener.upsertBuild(BuildSyncRunListener.java:244)
	at org.jenkinsci.plugins.jx.resources.BuildSyncRunListener.pollRun(BuildSyncRunListener.java:214)
	at org.jenkinsci.plugins.jx.resources.BuildSyncRunListener.pollLoop(BuildSyncRunListener.java:202)
	at org.jenkinsci.plugins.jx.resources.BuildSyncRunListener$1.doRun(BuildSyncRunListener.java:166)
	at hudson.triggers.SafeTimerTask.run(SafeTimerTask.java:72)
	at jenkins.security.ImpersonatingScheduledExecutorService$1.run(ImpersonatingScheduledExecutorService.java:58)
	at java.util.concurrent.Executors$RunnableAdapter.call(Executors.java:511)
	at java.util.concurrent.FutureTask.runAndReset(FutureTask.java:308)
	at java.util.concurrent.ScheduledThreadPoolExecutor$ScheduledFutureTask.access$301(ScheduledThreadPoolExecutor.java:180)
	at java.util.concurrent.ScheduledThreadPoolExecutor$ScheduledFutureTask.run(ScheduledThreadPoolExecutor.java:294)
	at java.util.concurrent.ThreadPoolExecutor.runWorker(ThreadPoolExecutor.java:1149)
	at java.util.concurrent.ThreadPoolExecutor$Worker.run(ThreadPoolExecutor.java:624)
	at java.lang.Thread.run(Thread.java:748)
  20.739 [id=80]	WARNING	h.model.listeners.RunListener#report: RunListener failed
io.fabric8.kubernetes.client.KubernetesClientException: Failure executing: GET at: https://kubernetes.default.svc/apis/apiextensions.k8s.io/v1beta1/customresourcedefinitions. Message: Forbidden!Configured service account doesn't have access. Service account may have been revoked. customresourcedefinitions.apiextensions.k8s.io is forbidden: User "system:serviceaccount:jx:helm" cannot list customresourcedefinitions.apiextensions.k8s.io at the cluster scope.
	at io.fabric8.kubernetes.client.dsl.base.OperationSupport.requestFailure(OperationSupport.java:472)
	at io.fabric8.kubernetes.client.dsl.base.OperationSupport.assertResponseCode(OperationSupport.java:409)
	at io.fabric8.kubernetes.client.dsl.base.OperationSupport.handleResponse(OperationSupport.java:381)
	at io.fabric8.kubernetes.client.dsl.base.OperationSupport.handleResponse(OperationSupport.java:344)
	at io.fabric8.kubernetes.client.dsl.base.OperationSupport.handleResponse(OperationSupport.java:328)
	at io.fabric8.kubernetes.client.dsl.base.BaseOperation.list(BaseOperation.java:584)
	at io.fabric8.kubernetes.client.dsl.base.BaseOperation.list(BaseOperation.java:49)
	at io.jenkins.x.client.kube.ClientHelper.pipelineActivityClient(ClientHelper.java:21)
	at org.jenkinsci.plugins.jx.resources.BuildSyncRunListener.upsertBuild(BuildSyncRunListener.java:244)
	at org.jenkinsci.plugins.jx.resources.BuildSyncRunListener.pollRun(BuildSyncRunListener.java:214)
	at org.jenkinsci.plugins.jx.resources.BuildSyncRunListener.onCompleted(BuildSyncRunListener.java:177)
	at hudson.model.listeners.RunListener.fireCompleted(RunListener.java:211)
	at org.jenkinsci.plugins.workflow.job.WorkflowRun.finish(WorkflowRun.java:585)
	at org.jenkinsci.plugins.workflow.job.WorkflowRun.access$900(WorkflowRun.java:132)
	at org.jenkinsci.plugins.workflow.job.WorkflowRun$GraphL.onNewHead(WorkflowRun.java:993)
	at org.jenkinsci.plugins.workflow.cps.CpsFlowExecution.notifyListeners(CpsFlowExecution.java:1440)
	at org.jenkinsci.plugins.workflow.cps.CpsThreadGroup$3.run(CpsThreadGroup.java:417)
	at org.jenkinsci.plugins.workflow.cps.CpsVmExecutorService$1.run(CpsVmExecutorService.java:35)
	at hudson.remoting.SingleLaneExecutorService$1.run(SingleLaneExecutorService.java:131)
	at jenkins.util.ContextResettingExecutorService$1.run(ContextResettingExecutorService.java:28)
	at jenkins.security.ImpersonatingExecutorService$1.run(ImpersonatingExecutorService.java:59)
	at java.util.concurrent.Executors$RunnableAdapter.call(Executors.java:511)
	at java.util.concurrent.FutureTask.run(FutureTask.java:266)
	at java.util.concurrent.ThreadPoolExecutor.runWorker(ThreadPoolExecutor.java:1149)
	at java.util.concurrent.ThreadPoolExecutor$Worker.run(ThreadPoolExecutor.java:624)
	at java.lang.Thread.run(Thread.java:748)
  20.766 [id=80]	WARNING	h.model.listeners.RunListener#report: RunListener failed
io.fabric8.kubernetes.client.KubernetesClientException: Failure executing: GET at: https://kubernetes.default.svc/apis/apiextensions.k8s.io/v1beta1/customresourcedefinitions. Message: Forbidden!Configured service account doesn't have access. Service account may have been revoked. customresourcedefinitions.apiextensions.k8s.io is forbidden: User "system:serviceaccount:jx:helm" cannot list customresourcedefinitions.apiextensions.k8s.io at the cluster scope.
	at io.fabric8.kubernetes.client.dsl.base.OperationSupport.requestFailure(OperationSupport.java:472)
	at io.fabric8.kubernetes.client.dsl.base.OperationSupport.assertResponseCode(OperationSupport.java:409)
	at io.fabric8.kubernetes.client.dsl.base.OperationSupport.handleResponse(OperationSupport.java:381)
	at io.fabric8.kubernetes.client.dsl.base.OperationSupport.handleResponse(OperationSupport.java:344)
	at io.fabric8.kubernetes.client.dsl.base.OperationSupport.handleResponse(OperationSupport.java:328)
	at io.fabric8.kubernetes.client.dsl.base.BaseOperation.list(BaseOperation.java:584)
	at io.fabric8.kubernetes.client.dsl.base.BaseOperation.list(BaseOperation.java:49)
	at io.jenkins.x.client.kube.ClientHelper.pipelineActivityClient(ClientHelper.java:21)
	at org.jenkinsci.plugins.jx.resources.BuildSyncRunListener.upsertBuild(BuildSyncRunListener.java:244)
	at org.jenkinsci.plugins.jx.resources.BuildSyncRunListener.pollRun(BuildSyncRunListener.java:214)
	at org.jenkinsci.plugins.jx.resources.BuildSyncRunListener.onFinalized(BuildSyncRunListener.java:195)
	at hudson.model.listeners.RunListener.fireFinalized(RunListener.java:257)
	at hudson.model.Run.onEndBuilding(Run.java:1998)
	at org.jenkinsci.plugins.workflow.job.WorkflowRun.finish(WorkflowRun.java:611)
	at org.jenkinsci.plugins.workflow.job.WorkflowRun.access$900(WorkflowRun.java:132)
	at org.jenkinsci.plugins.workflow.job.WorkflowRun$GraphL.onNewHead(WorkflowRun.java:993)
	at org.jenkinsci.plugins.workflow.cps.CpsFlowExecution.notifyListeners(CpsFlowExecution.java:1440)
	at org.jenkinsci.plugins.workflow.cps.CpsThreadGroup$3.run(CpsThreadGroup.java:417)
	at org.jenkinsci.plugins.workflow.cps.CpsVmExecutorService$1.run(CpsVmExecutorService.java:35)
	at hudson.remoting.SingleLaneExecutorService$1.run(SingleLaneExecutorService.java:131)
	at jenkins.util.ContextResettingExecutorService$1.run(ContextResettingExecutorService.java:28)
	at jenkins.security.ImpersonatingExecutorService$1.run(ImpersonatingExecutorService.java:59)
	at java.util.concurrent.Executors$RunnableAdapter.call(Executors.java:511)
	at java.util.concurrent.FutureTask.run(FutureTask.java:266)
	at java.util.concurrent.ThreadPoolExecutor.runWorker(ThreadPoolExecutor.java:1149)
	at java.util.concurrent.ThreadPoolExecutor$Worker.run(ThreadPoolExecutor.java:624)
	at java.lang.Thread.run(Thread.java:748)
Error when executing always post condition:
org.jenkinsci.plugins.workflow.steps.MissingContextVariableException: Required context class hudson.FilePath is missing
	at org.jenkinsci.plugins.workflow.steps.StepDescriptor.checkContextAvailability(StepDescriptor.java:260)
	at org.jenkinsci.plugins.workflow.cps.DSL.invokeStep(DSL.java:262)
	at org.jenkinsci.plugins.workflow.cps.DSL.invokeMethod(DSL.java:178)
	at org.jenkinsci.plugins.workflow.cps.CpsScript.invokeMethod(CpsScript.java:122)
	at sun.reflect.NativeMethodAccessorImpl.invoke0(Native Method)
	at sun.reflect.NativeMethodAccessorImpl.invoke(NativeMethodAccessorImpl.java:62)
	at sun.reflect.DelegatingMethodAccessorImpl.invoke(DelegatingMethodAccessorImpl.java:43)
	at java.lang.reflect.Method.invoke(Method.java:498)
	at org.codehaus.groovy.reflection.CachedMethod.invoke(CachedMethod.java:93)
	at groovy.lang.MetaMethod.doMethodInvoke(MetaMethod.java:325)
	at groovy.lang.MetaClassImpl.invokeMethod(MetaClassImpl.java:1213)
	at groovy.lang.MetaClassImpl.invokeMethod(MetaClassImpl.java:1022)
	at org.codehaus.groovy.runtime.callsite.PogoMetaClassSite.call(PogoMetaClassSite.java:42)
	at org.codehaus.groovy.runtime.callsite.CallSiteArray.defaultCall(CallSiteArray.java:48)
	at org.codehaus.groovy.runtime.callsite.AbstractCallSite.call(AbstractCallSite.java:113)
	at org.kohsuke.groovy.sandbox.impl.Checker$1.call(Checker.java:157)
	at org.kohsuke.groovy.sandbox.GroovyInterceptor.onMethodCall(GroovyInterceptor.java:23)
	at org.jenkinsci.plugins.scriptsecurity.sandbox.groovy.SandboxInterceptor.onMethodCall(SandboxInterceptor.java:155)
	at org.kohsuke.groovy.sandbox.impl.Checker$1.call(Checker.java:155)
	at org.kohsuke.groovy.sandbox.impl.Checker.checkedCall(Checker.java:159)
	at org.kohsuke.groovy.sandbox.impl.Checker.checkedCall(Checker.java:129)
	at com.cloudbees.groovy.cps.sandbox.SandboxInvoker.methodCall(SandboxInvoker.java:17)
	at WorkflowScript.run(WorkflowScript:85)
	at org.jenkinsci.plugins.pipeline.modeldefinition.ModelInterpreter.delegateAndExecute(jar:file:/usr/share/jenkins/ref/plugins/pipeline-model-definition/WEB-INF/lib/pipeline-model-definition.jar!/org/jenkinsci/plugins/pipeline/modeldefinition/ModelInterpreter.groovy:133)
	at org.jenkinsci.plugins.pipeline.modeldefinition.ModelInterpreter.runPostConditions(jar:file:/usr/share/jenkins/ref/plugins/pipeline-model-definition/WEB-INF/lib/pipeline-model-definition.jar!/org/jenkinsci/plugins/pipeline/modeldefinition/ModelInterpreter.groovy:773)
	at org.jenkinsci.plugins.pipeline.modeldefinition.ModelInterpreter.catchRequiredContextForNode(jar:file:/usr/share/jenkins/ref/plugins/pipeline-model-definition/WEB-INF/lib/pipeline-model-definition.jar!/org/jenkinsci/plugins/pipeline/modeldefinition/ModelInterpreter.groovy:418)
	at org.jenkinsci.plugins.pipeline.modeldefinition.ModelInterpreter.catchRequiredContextForNode(jar:file:/usr/share/jenkins/ref/plugins/pipeline-model-definition/WEB-INF/lib/pipeline-model-definition.jar!/org/jenkinsci/plugins/pipeline/modeldefinition/ModelInterpreter.groovy:416)
	at org.jenkinsci.plugins.pipeline.modeldefinition.ModelInterpreter.runPostConditions(jar:file:/usr/share/jenkins/ref/plugins/pipeline-model-definition/WEB-INF/lib/pipeline-model-definition.jar!/org/jenkinsci/plugins/pipeline/modeldefinition/ModelInterpreter.groovy:772)
	at com.cloudbees.groovy.cps.CpsDefaultGroovyMethods.each(CpsDefaultGroovyMethods:2030)
	at com.cloudbees.groovy.cps.CpsDefaultGroovyMethods.each(CpsDefaultGroovyMethods:2015)
	at com.cloudbees.groovy.cps.CpsDefaultGroovyMethods.each(CpsDefaultGroovyMethods:2056)
	at org.jenkinsci.plugins.pipeline.modeldefinition.ModelInterpreter.runPostConditions(jar:file:/usr/share/jenkins/ref/plugins/pipeline-model-definition/WEB-INF/lib/pipeline-model-definition.jar!/org/jenkinsci/plugins/pipeline/modeldefinition/ModelInterpreter.groovy:767)
	at org.jenkinsci.plugins.pipeline.modeldefinition.ModelInterpreter.executePostBuild(jar:file:/usr/share/jenkins/ref/plugins/pipeline-model-definition/WEB-INF/lib/pipeline-model-definition.jar!/org/jenkinsci/plugins/pipeline/modeldefinition/ModelInterpreter.groovy:744)
	at ___cps.transform___(Native Method)
	at com.cloudbees.groovy.cps.impl.ContinuationGroup.methodCall(ContinuationGroup.java:57)
	at com.cloudbees.groovy.cps.impl.FunctionCallBlock$ContinuationImpl.dispatchOrArg(FunctionCallBlock.java:109)
	at com.cloudbees.groovy.cps.impl.FunctionCallBlock$ContinuationImpl.fixArg(FunctionCallBlock.java:82)
	at sun.reflect.GeneratedMethodAccessor82.invoke(Unknown Source)
	at sun.reflect.DelegatingMethodAccessorImpl.invoke(DelegatingMethodAccessorImpl.java:43)
	at java.lang.reflect.Method.invoke(Method.java:498)
	at com.cloudbees.groovy.cps.impl.ContinuationPtr$ContinuationImpl.receive(ContinuationPtr.java:72)
	at com.cloudbees.groovy.cps.impl.ConstantBlock.eval(ConstantBlock.java:21)
	at com.cloudbees.groovy.cps.Next.step(Next.java:83)
	at com.cloudbees.groovy.cps.Continuable$1.call(Continuable.java:174)
	at com.cloudbees.groovy.cps.Continuable$1.call(Continuable.java:163)
	at org.codehaus.groovy.runtime.GroovyCategorySupport$ThreadCategoryInfo.use(GroovyCategorySupport.java:129)
	at org.codehaus.groovy.runtime.GroovyCategorySupport.use(GroovyCategorySupport.java:268)
	at com.cloudbees.groovy.cps.Continuable.run0(Continuable.java:163)
	at org.jenkinsci.plugins.workflow.cps.SandboxContinuable.access$101(SandboxContinuable.java:34)
	at org.jenkinsci.plugins.workflow.cps.SandboxContinuable.lambda$run0$0(SandboxContinuable.java:59)
	at org.jenkinsci.plugins.scriptsecurity.sandbox.groovy.GroovySandbox.runInSandbox(GroovySandbox.java:108)
	at org.jenkinsci.plugins.workflow.cps.SandboxContinuable.run0(SandboxContinuable.java:58)
	at org.jenkinsci.plugins.workflow.cps.CpsThread.runNextChunk(CpsThread.java:182)
	at org.jenkinsci.plugins.workflow.cps.CpsThreadGroup.run(CpsThreadGroup.java:332)
	at org.jenkinsci.plugins.workflow.cps.CpsThreadGroup.access$200(CpsThreadGroup.java:83)
	at org.jenkinsci.plugins.workflow.cps.CpsThreadGroup$2.call(CpsThreadGroup.java:244)
	at org.jenkinsci.plugins.workflow.cps.CpsThreadGroup$2.call(CpsThreadGroup.java:232)
	at org.jenkinsci.plugins.workflow.cps.CpsVmExecutorService$2.call(CpsVmExecutorService.java:64)
	at java.util.concurrent.FutureTask.run(FutureTask.java:266)
	at hudson.remoting.SingleLaneExecutorService$1.run(SingleLaneExecutorService.java:131)
	at jenkins.util.ContextResettingExecutorService$1.run(ContextResettingExecutorService.java:28)
	at jenkins.security.ImpersonatingExecutorService$1.run(ImpersonatingExecutorService.java:59)
	at java.util.concurrent.Executors$RunnableAdapter.call(Executors.java:511)
	at java.util.concurrent.FutureTask.run(FutureTask.java:266)
	at java.util.concurrent.ThreadPoolExecutor.runWorker(ThreadPoolExecutor.java:1149)
	at java.util.concurrent.ThreadPoolExecutor$Worker.run(ThreadPoolExecutor.java:624)
	at java.lang.Thread.run(Thread.java:748)

[Pipeline] }
[Pipeline] // stage
[Pipeline] End of Pipeline
org.jenkinsci.plugins.credentialsbinding.impl.CredentialNotFoundException: jenkins-x-chartmuseum
	at org.jenkinsci.plugins.pipeline.modeldefinition.model.CredentialsBindingHandler.forId(CredentialsBindingHandler.java:107)
	at org.jenkinsci.plugins.pipeline.modeldefinition.model.CredentialsBindingHandler$forId.call(Unknown Source)
	at org.codehaus.groovy.runtime.callsite.CallSiteArray.defaultCall(CallSiteArray.java:48)
	at org.codehaus.groovy.runtime.callsite.AbstractCallSite.call(AbstractCallSite.java:113)
	at com.cloudbees.groovy.cps.sandbox.DefaultInvoker.methodCall(DefaultInvoker.java:20)
	at org.jenkinsci.plugins.pipeline.modeldefinition.ModelInterpreter.withCredentialsBlock(jar:file:/usr/share/jenkins/ref/plugins/pipeline-model-definition/WEB-INF/lib/pipeline-model-definition.jar!/org/jenkinsci/plugins/pipeline/modeldefinition/ModelInterpreter.groovy:482)
	at com.cloudbees.groovy.cps.CpsDefaultGroovyMethods.callClosureForMapEntry(CpsDefaultGroovyMethods:5226)
	at com.cloudbees.groovy.cps.CpsDefaultGroovyMethods.each(CpsDefaultGroovyMethods:2107)
	at org.jenkinsci.plugins.pipeline.modeldefinition.ModelInterpreter.withCredentialsBlock(jar:file:/usr/share/jenkins/ref/plugins/pipeline-model-definition/WEB-INF/lib/pipeline-model-definition.jar!/org/jenkinsci/plugins/pipeline/modeldefinition/ModelInterpreter.groovy:480)
	at org.jenkinsci.plugins.pipeline.modeldefinition.ModelInterpreter.call(jar:file:/usr/share/jenkins/ref/plugins/pipeline-model-definition/WEB-INF/lib/pipeline-model-definition.jar!/org/jenkinsci/plugins/pipeline/modeldefinition/ModelInterpreter.groovy:76)
	at org.jenkinsci.plugins.pipeline.modeldefinition.ModelInterpreter.inDeclarativeAgent(jar:file:/usr/share/jenkins/ref/plugins/pipeline-model-definition/WEB-INF/lib/pipeline-model-definition.jar!/org/jenkinsci/plugins/pipeline/modeldefinition/ModelInterpreter.groovy:605)
	at org.jenkinsci.plugins.pipeline.modeldefinition.agent.impl.AnyScript.run(jar:file:/usr/share/jenkins/ref/plugins/pipeline-model-definition/WEB-INF/lib/pipeline-model-definition.jar!/org/jenkinsci/plugins/pipeline/modeldefinition/agent/impl/AnyScript.groovy:43)
	at org.jenkinsci.plugins.pipeline.modeldefinition.agent.CheckoutScript.checkoutAndRun(jar:file:/usr/share/jenkins/ref/plugins/pipeline-model-extensions/WEB-INF/lib/pipeline-model-extensions.jar!/org/jenkinsci/plugins/pipeline/modeldefinition/agent/CheckoutScript.groovy:66)
	at org.jenkinsci.plugins.pipeline.modeldefinition.agent.CheckoutScript.doCheckout(jar:file:/usr/share/jenkins/ref/plugins/pipeline-model-extensions/WEB-INF/lib/pipeline-model-extensions.jar!/org/jenkinsci/plugins/pipeline/modeldefinition/agent/CheckoutScript.groovy:42)
	at org.jenkinsci.plugins.pipeline.modeldefinition.agent.impl.LabelScript.run(jar:file:/usr/share/jenkins/ref/plugins/pipeline-model-definition/WEB-INF/lib/pipeline-model-definition.jar!/org/jenkinsci/plugins/pipeline/modeldefinition/agent/impl/LabelScript.groovy:44)
	at ___cps.transform___(Native Method)
	at com.cloudbees.groovy.cps.impl.ContinuationGroup.methodCall(ContinuationGroup.java:57)
	at com.cloudbees.groovy.cps.impl.FunctionCallBlock$ContinuationImpl.dispatchOrArg(FunctionCallBlock.java:109)
	at com.cloudbees.groovy.cps.impl.FunctionCallBlock$ContinuationImpl.fixArg(FunctionCallBlock.java:82)
	at sun.reflect.GeneratedMethodAccessor82.invoke(Unknown Source)
	at sun.reflect.DelegatingMethodAccessorImpl.invoke(DelegatingMethodAccessorImpl.java:43)
	at java.lang.reflect.Method.invoke(Method.java:498)
	at com.cloudbees.groovy.cps.impl.ContinuationPtr$ContinuationImpl.receive(ContinuationPtr.java:72)
	at com.cloudbees.groovy.cps.impl.PropertyishBlock$ContinuationImpl.get(PropertyishBlock.java:76)
	at com.cloudbees.groovy.cps.LValueBlock$GetAdapter.receive(LValueBlock.java:30)
	at com.cloudbees.groovy.cps.impl.PropertyishBlock$ContinuationImpl.fixName(PropertyishBlock.java:66)
	at sun.reflect.GeneratedMethodAccessor87.invoke(Unknown Source)
	at sun.reflect.DelegatingMethodAccessorImpl.invoke(DelegatingMethodAccessorImpl.java:43)
	at java.lang.reflect.Method.invoke(Method.java:498)
	at com.cloudbees.groovy.cps.impl.ContinuationPtr$ContinuationImpl.receive(ContinuationPtr.java:72)
	at com.cloudbees.groovy.cps.impl.ConstantBlock.eval(ConstantBlock.java:21)
	at com.cloudbees.groovy.cps.Next.step(Next.java:83)
	at com.cloudbees.groovy.cps.Continuable$1.call(Continuable.java:174)
	at com.cloudbees.groovy.cps.Continuable$1.call(Continuable.java:163)
	at org.codehaus.groovy.runtime.GroovyCategorySupport$ThreadCategoryInfo.use(GroovyCategorySupport.java:129)
	at org.codehaus.groovy.runtime.GroovyCategorySupport.use(GroovyCategorySupport.java:268)
	at com.cloudbees.groovy.cps.Continuable.run0(Continuable.java:163)
	at org.jenkinsci.plugins.workflow.cps.SandboxContinuable.access$101(SandboxContinuable.java:34)
	at org.jenkinsci.plugins.workflow.cps.SandboxContinuable.lambda$run0$0(SandboxContinuable.java:59)
	at org.jenkinsci.plugins.scriptsecurity.sandbox.groovy.GroovySandbox.runInSandbox(GroovySandbox.java:108)
	at org.jenkinsci.plugins.workflow.cps.SandboxContinuable.run0(SandboxContinuable.java:58)
	at org.jenkinsci.plugins.workflow.cps.CpsThread.runNextChunk(CpsThread.java:182)
	at org.jenkinsci.plugins.workflow.cps.CpsThreadGroup.run(CpsThreadGroup.java:332)
	at org.jenkinsci.plugins.workflow.cps.CpsThreadGroup.access$200(CpsThreadGroup.java:83)
	at org.jenkinsci.plugins.workflow.cps.CpsThreadGroup$2.call(CpsThreadGroup.java:244)
	at org.jenkinsci.plugins.workflow.cps.CpsThreadGroup$2.call(CpsThreadGroup.java:232)
	at org.jenkinsci.plugins.workflow.cps.CpsVmExecutorService$2.call(CpsVmExecutorService.java:64)
	at java.util.concurrent.FutureTask.run(FutureTask.java:266)
	at hudson.remoting.SingleLaneExecutorService$1.run(SingleLaneExecutorService.java:131)
	at jenkins.util.ContextResettingExecutorService$1.run(ContextResettingExecutorService.java:28)
	at jenkins.security.ImpersonatingExecutorService$1.run(ImpersonatingExecutorService.java:59)
	at java.util.concurrent.Executors$RunnableAdapter.call(Executors.java:511)
	at java.util.concurrent.FutureTask.run(FutureTask.java:266)
	at java.util.concurrent.ThreadPoolExecutor.runWorker(ThreadPoolExecutor.java:1149)
	at java.util.concurrent.ThreadPoolExecutor$Worker.run(ThreadPoolExecutor.java:624)
	at java.lang.Thread.run(Thread.java:748)
Finished: FAILURE
